2023-03-07 11:42:26,395 INFO o.a.j.u.JMeterUtils: Setting Locale to en_US
2023-03-07 11:42:26,440 INFO o.a.j.JMeter: Loading user properties from: user.properties
2023-03-07 11:42:26,441 INFO o.a.j.JMeter: Loading system properties from: system.properties
2023-03-07 11:42:26,456 INFO o.a.j.JMeter: Copyright (c) 1998-2022 The Apache Software Foundation
2023-03-07 11:42:26,456 INFO o.a.j.JMeter: Version 5.5
2023-03-07 11:42:26,456 INFO o.a.j.JMeter: java.version=17.0.6
2023-03-07 11:42:26,457 INFO o.a.j.JMeter: java.vm.name=Java HotSpot(TM) 64-Bit Server VM
2023-03-07 11:42:26,457 INFO o.a.j.JMeter: os.name=Windows 10
2023-03-07 11:42:26,457 INFO o.a.j.JMeter: os.arch=amd64
2023-03-07 11:42:26,457 INFO o.a.j.JMeter: os.version=10.0
2023-03-07 11:42:26,457 INFO o.a.j.JMeter: file.encoding=Cp1252
2023-03-07 11:42:26,457 INFO o.a.j.JMeter: java.awt.headless=null
2023-03-07 11:42:26,457 INFO o.a.j.JMeter: Max memory     =4196401152
2023-03-07 11:42:26,457 INFO o.a.j.JMeter: Available Processors =8
2023-03-07 11:42:26,476 INFO o.a.j.JMeter: Default Locale=English (United States)
2023-03-07 11:42:26,476 INFO o.a.j.JMeter: JMeter  Locale=English (United States)
2023-03-07 11:42:26,476 INFO o.a.j.JMeter: JMeterHome=C:\Users\Oleksii_Zakhariev\Desktop\apache-jmeter-5.5
2023-03-07 11:42:26,476 INFO o.a.j.JMeter: user.dir  =C:\Users\Oleksii_Zakhariev\Desktop\apache-jmeter-5.5\bin
2023-03-07 11:42:26,478 INFO o.a.j.JMeter: PWD       =C:\Users\Oleksii_Zakhariev\Desktop\apache-jmeter-5.5\bin
2023-03-07 11:42:26,480 INFO o.a.j.JMeter: IP: 172.20.16.1 Name: EPUAKHAW07FC FullName: EPUAKHAW07FC.mshome.net
2023-03-07 11:42:26,498 INFO o.a.j.JMeter: Loaded icon properties from org/apache/jmeter/images/icon.properties
2023-03-07 11:42:26,871 INFO o.a.j.JMeterGuiLauncher: Setting LAF to: laf:javax.swing.plaf.metal.MetalLookAndFeel
2023-03-07 11:42:30,163 INFO o.j.r.JARSourceHTTP: Found cached repo
2023-03-07 11:42:30,487 INFO o.j.r.PluginManager: Plugins Status: [jpgc-plugins-manager=1.8, bzm-random-csv=0.8, jmeter-core=5.5, jmeter-ftp=5.5, jmeter-http=5.5, jmeter-jdbc=5.5, jmeter-jms=5.5, jmeter-junit=5.5, jmeter-java=5.5, jmeter-ldap=5.5, jmeter-mail=5.5, jmeter-mongodb=5.5, jmeter-native=5.5, jmeter-tcp=5.5, jmeter-components=5.5]
2023-03-07 11:42:30,491 INFO o.j.r.PluginManagerMenuItem: Plugins Manager has upgrades: [jpgc-plugins-manager]
2023-03-07 11:42:38,996 INFO o.a.j.s.FileServer: Default base='C:\Users\Oleksii_Zakhariev\Desktop\apache-jmeter-5.5\bin'
2023-03-07 11:42:39,001 INFO o.a.j.g.a.Load: Loading file: C:\Users\Oleksii_Zakhariev\Desktop\Fixed_Backend_performance_testing_task.jmx
2023-03-07 11:42:39,002 INFO o.a.j.s.FileServer: Set new base='C:\Users\Oleksii_Zakhariev\Desktop'
2023-03-07 11:42:39,322 INFO o.a.j.s.SaveService: Testplan (JMX) version: 2.2. Testlog (JTL) version: 2.2
2023-03-07 11:42:39,342 INFO o.a.j.s.SaveService: Using SaveService properties version 5.0
2023-03-07 11:42:39,342 INFO o.a.j.s.SaveService: Using SaveService properties file encoding UTF-8
2023-03-07 11:42:39,342 INFO o.a.j.s.SaveService: Loading file: C:\Users\Oleksii_Zakhariev\Desktop\Fixed_Backend_performance_testing_task.jmx
2023-03-07 11:42:39,697 INFO o.a.j.p.h.s.HTTPSamplerBase: Parser for text/html is org.apache.jmeter.protocol.http.parser.LagartoBasedHtmlParser
2023-03-07 11:42:39,697 INFO o.a.j.p.h.s.HTTPSamplerBase: Parser for application/xhtml+xml is org.apache.jmeter.protocol.http.parser.LagartoBasedHtmlParser
2023-03-07 11:42:39,697 INFO o.a.j.p.h.s.HTTPSamplerBase: Parser for application/xml is org.apache.jmeter.protocol.http.parser.LagartoBasedHtmlParser
2023-03-07 11:42:39,697 INFO o.a.j.p.h.s.HTTPSamplerBase: Parser for text/xml is org.apache.jmeter.protocol.http.parser.LagartoBasedHtmlParser
2023-03-07 11:42:39,697 INFO o.a.j.p.h.s.HTTPSamplerBase: Parser for text/vnd.wap.wml is org.apache.jmeter.protocol.http.parser.RegexpHTMLParser
2023-03-07 11:42:39,699 INFO o.a.j.p.h.s.HTTPSamplerBase: Parser for text/css is org.apache.jmeter.protocol.http.parser.CssParser
2023-03-07 11:42:40,286 INFO o.a.j.s.SampleResult: Note: Sample TimeStamps are START times
2023-03-07 11:42:40,287 INFO o.a.j.s.SampleResult: sampleresult.default.encoding is set to ISO-8859-1
2023-03-07 11:42:40,287 INFO o.a.j.s.SampleResult: sampleresult.useNanoTime=true
2023-03-07 11:42:40,287 INFO o.a.j.s.SampleResult: sampleresult.nanoThreadSleep=5000
2023-03-07 11:42:40,640 INFO o.a.j.v.ViewResultsFullVisualizer: Add JavaFX to your Java installation if you want to use renderer: org.apache.jmeter.visualizers.RenderInBrowser
2023-03-07 11:42:40,762 INFO o.a.j.s.FileServer: Set new base='C:\Users\Oleksii_Zakhariev\Desktop'
